stdout:

{'source': '/nfs/site/disks/dcsg_0384/GNR/uBIOS/b0/1p0final_model11/full_bios/0024_D01_1p0_model11/BHSDINT1.86B.0024.D01.2306091146_GA800003d0_SA9800000e_GB99000004_SB9900000a_AP_Simics_1.bin', 'destination': '/nfs/site/disks/ive_gnr_pnp_018/prios/gnr_c2m/4c_8t_model/23ww23a-002_v7_ICI/Maestro_1S1D4C_4C8T_RD100_LD5_100M_L3_GNR_b0v4plus_verif.32.ddr5_6400.0/ubios/flexconEmu/bios_knobs/a252e88c204d5cba28e7a7d56ca3e56f', 'knobfile': None, 'knobstr': 'DataDllOff=Disable,DdrEccEnable=Enable,DfxB2PMailboxCmdEnMask_21=0x7F,DfxB2PMailboxCmdEnMask_24=0xFF,DfxCwlAdjPos=0,DfxEmuBiosSkipS3MAccess=Enable,DfxInputCmdDelay=64,DfxInputIoLatency=3,DfxInputIoLatencyIoComp=17,DfxInputRt=38,DfxInputRxDqDelay=0,DfxInputRxDqsDelay=36,DfxInputTxDqBitDelay=352,DfxInputTxDqDelay=0,DfxInputTxDqsDelay=544,DfxMdfisTrainingEn=0,DfxPmMsrTrace=0x2,DfxPseudoChannelXorEn=Disable,DfxRcvEnDelay=256,DfxS3mSoftStrap=0,DfxScrambleEnDDR5=Disable,DfxTaCalculationDebug=Enable,DfxUbiosGeneration=0x2,DfxWarmResetEliminationEn=Enable,DfxXactorBitmap=0x0,EnforceDdrMemoryFreqPor=Disable,HostDdrFreqLimit=6400,PcieHotPlugEnable=Disable,ProcessorX2apic=Disable,SncEn=Disable,VTdSupport=Disable,XptPrefetchEn=Disable,volMemMode=1LM', 'suffix': 'FmxweH5IYGJE', 'updatedefaults': False, 'biosfile': None}


Going to modify the following BIOS:
	/nfs/site/disks/dcsg_0384/GNR/uBIOS/b0/1p0final_model11/full_bios/0024_D01_1p0_model11/BHSDINT1.86B.0024.D01.2306091146_GA800003d0_SA9800000e_GB99000004_SB9900000a_AP_Simics_1.bin
with ('None'):
	['DataDllOff=Disable', 'DdrEccEnable=Enable', 'DfxB2PMailboxCmdEnMask_21=0x7F', 'DfxB2PMailboxCmdEnMask_24=0xFF', 'DfxCwlAdjPos=0', 'DfxEmuBiosSkipS3MAccess=Enable', 'DfxInputCmdDelay=64', 'DfxInputIoLatency=3', 'DfxInputIoLatencyIoComp=17', 'DfxInputRt=38', 'DfxInputRxDqDelay=0', 'DfxInputRxDqsDelay=36', 'DfxInputTxDqBitDelay=352', 'DfxInputTxDqDelay=0', 'DfxInputTxDqsDelay=544', 'DfxMdfisTrainingEn=0', 'DfxPmMsrTrace=0x2', 'DfxPseudoChannelXorEn=Disable', 'DfxRcvEnDelay=256', 'DfxS3mSoftStrap=0', 'DfxScrambleEnDDR5=Disable', 'DfxTaCalculationDebug=Enable', 'DfxUbiosGeneration=0x2', 'DfxWarmResetEliminationEn=Enable', 'DfxXactorBitmap=0x0', 'EnforceDdrMemoryFreqPor=Disable', 'HostDdrFreqLimit=6400', 'PcieHotPlugEnable=Disable', 'ProcessorX2apic=Disable', 'SncEn=Disable', 'VTdSupport=Disable', 'XptPrefetchEn=Disable', 'volMemMode=1LM']


BIOSes will be moved from '/nfs/site/disks/ive_gnr_pnp_018/prios/gnr_c2m/4c_8t_model/23ww23a-002_v7_ICI/Maestro_1S1D4C_4C8T_RD100_LD5_100M_L3_GNR_b0v4plus_verif.32.ddr5_6400.0/ubios/flexconEmu/bios_knobs_FmxweH5IYGJE/xmlcli/out' to '/nfs/site/disks/ive_gnr_pnp_018/prios/gnr_c2m/4c_8t_model/23ww23a-002_v7_ICI/Maestro_1S1D4C_4C8T_RD100_LD5_100M_L3_GNR_b0v4plus_verif.32.ddr5_6400.0/ubios/flexconEmu/bios_knobs/a252e88c204d5cba28e7a7d56ca3e56f'
Found valid knob for DataDllOff
setupType: oneof
Selections: [<KnobSelection 0x0 = "Disable">,<KnobSelection 0x1 = "Enable">]
Non-string value found, returning hex value of 0
Found valid knob for DdrEccEnable
setupType: oneof
Selections: [<KnobSelection 0x0 = "Disable">,<KnobSelection 0x1 = "Enable">]
Non-string value found, returning hex value of 1
Found valid knob for DfxB2PMailboxCmdEnMask_21
setupType: numeric
Selections: [<KnobSelection 0x0 = "Minimum">,<KnobSelection 0xFF = "Maximum">,<KnobSelection 0x0 = "Step">]
Found valid knob for DfxB2PMailboxCmdEnMask_24
setupType: numeric
Selections: [<KnobSelection 0x0 = "Minimum">,<KnobSelection 0xFF = "Maximum">,<KnobSelection 0x0 = "Step">]
Found valid knob for DfxCwlAdjPos
setupType: numeric
Selections: [<KnobSelection 0x0 = "Minimum">,<KnobSelection 0xF = "Maximum">,<KnobSelection 0x0 = "Step">]
Found valid knob for DfxEmuBiosSkipS3MAccess
setupType: oneof
Selections: [<KnobSelection 0x0 = "Disable">,<KnobSelection 0x1 = "Enable">,<KnobSelection 0x2 = "Auto">]
Non-string value found, returning hex value of 1
Found valid knob for DfxInputCmdDelay
setupType: numeric
Selections: [<KnobSelection 0x0 = "Minimum">,<KnobSelection 0x1FF = "Maximum">,<KnobSelection 0x0 = "Step">]
Found valid knob for DfxInputIoLatency
setupType: numeric
Selections: [<KnobSelection 0x0 = "Minimum">,<KnobSelection 0x1F = "Maximum">,<KnobSelection 0x0 = "Step">]
Found valid knob for DfxInputIoLatencyIoComp
setupType: numeric
Selections: [<KnobSelection 0x0 = "Minimum">,<KnobSelection 0x7F = "Maximum">,<KnobSelection 0x0 = "Step">]
Found valid knob for DfxInputRt
setupType: numeric
Selections: [<KnobSelection 0x0 = "Minimum">,<KnobSelection 0xFF = "Maximum">,<KnobSelection 0x0 = "Step">]
Found valid knob for DfxInputRxDqDelay
setupType: numeric
Selections: [<KnobSelection 0x0 = "Minimum">,<KnobSelection 0xFF = "Maximum">,<KnobSelection 0x0 = "Step">]
Found valid knob for DfxInputRxDqsDelay
setupType: numeric
Selections: [<KnobSelection 0x0 = "Minimum">,<KnobSelection 0xFF = "Maximum">,<KnobSelection 0x0 = "Step">]
Found valid knob for DfxInputTxDqBitDelay
setupType: numeric
Selections: [<KnobSelection 0x0 = "Minimum">,<KnobSelection 0x7FF = "Maximum">,<KnobSelection 0x0 = "Step">]
Found valid knob for DfxInputTxDqDelay
setupType: numeric
Selections: [<KnobSelection 0x0 = "Minimum">,<KnobSelection 0x7FF = "Maximum">,<KnobSelection 0x0 = "Step">]
Found valid knob for DfxInputTxDqsDelay
setupType: numeric
Selections: [<KnobSelection 0x0 = "Minimum">,<KnobSelection 0x7FF = "Maximum">,<KnobSelection 0x0 = "Step">]
Found valid knob for DfxMdfisTrainingEn
setupType: oneof
Selections: [<KnobSelection 0x0 = "Disable">,<KnobSelection 0x1 = "Enable">,<KnobSelection 0x2 = "Auto">]
Found valid knob for DfxPmMsrTrace
setupType: oneof
Selections: [<KnobSelection 0x1 = "Disable">,<KnobSelection 0x2 = "Enable">,<KnobSelection 0x0 = "Auto">]
Found valid knob for DfxPseudoChannelXorEn
setupType: oneof
Selections: [<KnobSelection 0x1 = "Enable">,<KnobSelection 0x0 = "Disable">]
Non-string value found, returning hex value of 0
Found valid knob for DfxRcvEnDelay
setupType: numeric
Selections: [<KnobSelection 0x0 = "Minimum">,<KnobSelection 0x7FF = "Maximum">,<KnobSelection 0x0 = "Step">]
Found valid knob for DfxS3mSoftStrap
setupType: oneof
Selections: [<KnobSelection 0x0 = "Disable">,<KnobSelection 0x1 = "Enable">,<KnobSelection 0x2 = "Auto">]
Found valid knob for DfxScrambleEnDDR5
setupType: oneof
Selections: [<KnobSelection 0x0 = "Disable">,<KnobSelection 0x1 = "Enable">]
Non-string value found, returning hex value of 0
Found valid knob for DfxTaCalculationDebug
setupType: oneof
Selections: [<KnobSelection 0x0 = "Disable">,<KnobSelection 0x1 = "Enable">]
Non-string value found, returning hex value of 1
Found valid knob for DfxUbiosGeneration
setupType: oneof
Selections: [<KnobSelection 0x1 = "Disable">,<KnobSelection 0x2 = "Enable">,<KnobSelection 0x0 = "Auto">]
Found valid knob for DfxWarmResetEliminationEn
setupType: oneof
Selections: [<KnobSelection 0x0 = "Disable">,<KnobSelection 0x1 = "Enable">,<KnobSelection 0x2 = "Auto">]
Non-string value found, returning hex value of 1
Found valid knob for DfxXactorBitmap
setupType: numeric
Selections: [<KnobSelection 0x0 = "Minimum">,<KnobSelection 0xFF = "Maximum">,<KnobSelection 0x0 = "Step">]
Found valid knob for EnforceDdrMemoryFreqPor
setupType: oneof
Selections: [<KnobSelection 0x0 = "POR">,<KnobSelection 0x1 = "Enforce Stretch Goals">,<KnobSelection 0x2 = "Disable">]
Non-string value found, returning hex value of 2
Found valid knob for HostDdrFreqLimit
setupType: oneof
Selections: [<KnobSelection 0x0 = "Auto">,<KnobSelection 0x1 = "3200">,<KnobSelection 0x3 = "3600">,<KnobSelection 0x5 = "4000">,<KnobSelection 0x7 = "4400">,<KnobSelection 0x8 = "4800">,<KnobSelection 0x9 = "5200">,<KnobSelection 0xA = "5600">,<KnobSelection 0xB = "6000">,<KnobSelection 0xC = "6400">,<KnobSelection 0xD = "6800">,<KnobSelection 0xE = "7200">,<KnobSelection 0xF = "7600">,<KnobSelection 0x10 = "8000">,<KnobSelection 0x11 = "8400">,<KnobSelection 0x12 = "8800">]
Non-string value found, returning hex value of 12
Found valid knob for PcieHotPlugEnable
setupType: oneof
Selections: [<KnobSelection 0x0 = "Disable">,<KnobSelection 0x1 = "Enable">]
Non-string value found, returning hex value of 0
Found valid knob for ProcessorX2apic
setupType: oneof
Selections: [<KnobSelection 0x0 = "Disable">,<KnobSelection 0x1 = "Enable">]
Non-string value found, returning hex value of 0
Found valid knob for SncEn
setupType: oneof
Selections: [<KnobSelection 0x0 = "Disable">,<KnobSelection 0x1 = "Enable">,<KnobSelection 0xF = "AUTO">]
Non-string value found, returning hex value of 0
Found valid knob for VTdSupport
setupType: oneof
Selections: [<KnobSelection 0x1 = "Enable">,<KnobSelection 0x0 = "Disable">]
Non-string value found, returning hex value of 0
Found valid knob for XptPrefetchEn
setupType: oneof
Selections: [<KnobSelection 0x0 = "Disable">,<KnobSelection 0x1 = "Enable">,<KnobSelection 0x2 = "Auto">]
Non-string value found, returning hex value of 0
Found valid knob for volMemMode
setupType: oneof
Selections: [<KnobSelection 0x0 = "1LM">,<KnobSelection 0x1 = "2LM">]
Non-string value found, returning hex value of 0
Converted knobs to: DataDllOff=0x0,DdrEccEnable=0x1,DfxB2PMailboxCmdEnMask_21=0x7F,DfxB2PMailboxCmdEnMask_24=0xFF,DfxCwlAdjPos=0,DfxEmuBiosSkipS3MAccess=0x1,DfxInputCmdDelay=64,DfxInputIoLatency=3,DfxInputIoLatencyIoComp=17,DfxInputRt=38,DfxInputRxDqDelay=0,DfxInputRxDqsDelay=36,DfxInputTxDqBitDelay=352,DfxInputTxDqDelay=0,DfxInputTxDqsDelay=544,DfxMdfisTrainingEn=0,DfxPmMsrTrace=0x2,DfxPseudoChannelXorEn=0x0,DfxRcvEnDelay=256,DfxS3mSoftStrap=0,DfxScrambleEnDDR5=0x0,DfxTaCalculationDebug=0x1,DfxUbiosGeneration=0x2,DfxWarmResetEliminationEn=0x1,DfxXactorBitmap=0x0,EnforceDdrMemoryFreqPor=0x2,HostDdrFreqLimit=0xc,PcieHotPlugEnable=0x0,ProcessorX2apic=0x0,SncEn=0x0,VTdSupport=0x0,XptPrefetchEn=0x0,volMemMode=0x0
Fit Entry (0xFDE00090) Not Found in Ucode FV or is a Duplicate FIT Entry, Fix FIT
Fit Entry (0xFE000090) Not Found in Ucode FV or is a Duplicate FIT Entry, Fix FIT
Fit Entry (0xFE400090) Not Found in Ucode FV or is a Duplicate FIT Entry, Fix FIT
Moved binary file to iyellow,black/nfs/site/disks/ive_gnr_pnp_018/prios/gnr_c2m/4c_8t_model/23ww23a-002_v7_ICI/Maestro_1S1D4C_4C8T_RD100_LD5_100M_L3_GNR_b0v4plus_verif.32.ddr5_6400.0/ubios/flexconEmu/bios_knobs/a252e88c204d5cba28e7a7d56ca3e56f/BHSDINT1.86B.0024.D01.2306091146_GA800003d0_SA9800000e_GB99000004_SB9900000a_AP_Simics_1_modified_FmxweH5IYGJE.bin


stderr:

Insecure module import used! Please install all the required dependencies by running `pip install -r requirements.txt`
Insecure module import used! Please install all the required dependencies by running `pip install -r requirements.txt`
Insecure module import used! Please install all the required dependencies by running `pip install -r requirements.txt`
Insecure module import used! Please install all the required dependencies by running `pip install -r requirements.txt`
Insecure module import used! Please install all the required dependencies by running `pip install -r requirements.txt`
ACM Entry not Found in FIT Table!
 Fetching Firmware Info from the given Bios Binary...
SanitizeXml(): No XML syntax errors found with source XML file.
 Fetching Firmware Info Done in /nfs/site/disks/ive_gnr_pnp_018/prios/gnr_c2m/4c_8t_model/23ww23a-002_v7_ICI/Maestro_1S1D4C_4C8T_RD100_LD5_100M_L3_GNR_b0v4plus_verif.32.ddr5_6400.0/ubios/flexconEmu/bios_knobs_FmxweH5IYGJE/xmlcli/out/PlatformConfig.xml 
|No Changes detected/applied
yellowParsing GBT XML: "/nfs/site/disks/ive_gnr_pnp_018/prios/gnr_c2m/4c_8t_model/23ww23a-002_v7_ICI/Maestro_1S1D4C_4C8T_RD100_LD5_100M_L3_GNR_b0v4plus_verif.32.ddr5_6400.0/ubios/flexconEmu/bios_knobs_FmxweH5IYGJE/xmlcli/out/PlatformConfig.xml"
Warning: Bios Option "C6Enable" has a selection that doesn't contain any characters. Replacing with hex string of value (name="0x1")
Warning: Bios Option "C6Enable" has a selection that doesn't contain any characters. Replacing with hex string of value (name="0x2")
Warning: Bios Option "C6Enable" has a selection that doesn't contain any characters. Replacing with hex string of value (name="0x3")
Warning: Bios Option "C6Enable" has a selection that doesn't contain any characters. Replacing with hex string of value (name="0x4")
Warning: Bios Option "ProcessorC1eEnable" has a selection that doesn't contain any characters. Replacing with hex string of value (name="0x0")
Warning: Bios Option "ProcessorC1eEnable" has a selection that doesn't contain any characters. Replacing with hex string of value (name="0x1")
ACM Entry not Found in FIT Table!
 Fetching Firmware Info from the given Bios Binary...
SanitizeXml(): No XML syntax errors found with source XML file.
 Fetching Firmware Info Done in /nfs/site/disks/ive_gnr_pnp_018/prios/gnr_c2m/4c_8t_model/23ww23a-002_v7_ICI/Maestro_1S1D4C_4C8T_RD100_LD5_100M_L3_GNR_b0v4plus_verif.32.ddr5_6400.0/ubios/flexconEmu/bios_knobs_FmxweH5IYGJE/xmlcli/out/PlatformConfig.xml 
| see below for the results..
||--|----|----------------------------------------|--|-----------|-----------|
||VI|Ofst|                 Knob Name              |Sz|   DefVal  |   CurVal  |
||--|----|----------------------------------------|--|-----------|-----------|
|| 3| 168|                 DfxEmuBiosSkipS3MAccess| 1|        2  |        1  |
||--|----|----------------------------------------|--|-----------|-----------|
|| 1|  B8|                              DataDllOff| 1|        1  |        0  |
||--|----|----------------------------------------|--|-----------|-----------|
|| 1|  90|                            DdrEccEnable| 1|        1  |        1  |
||--|----|----------------------------------------|--|-----------|-----------|
|| 2|  FF|               DfxB2PMailboxCmdEnMask_21| 1|       FF  |       7F  |
||--|----|----------------------------------------|--|-----------|-----------|
|| 2| 102|               DfxB2PMailboxCmdEnMask_24| 1|       FF  |       FF  |
||--|----|----------------------------------------|--|-----------|-----------|
|| 1|  A2|                            DfxCwlAdjPos| 1|        F  |        0  |
||--|----|----------------------------------------|--|-----------|-----------|
|| 1| 1CE|                        DfxInputCmdDelay| 2|        0  |       40  |
||--|----|----------------------------------------|--|-----------|-----------|
|| 1|  96|                       DfxInputIoLatency| 1|       1F  |        3  |
||--|----|----------------------------------------|--|-----------|-----------|
|| 1|  97|                 DfxInputIoLatencyIoComp| 1|       7F  |       11  |
||--|----|----------------------------------------|--|-----------|-----------|
|| 1|  95|                              DfxInputRt| 1|       FF  |       26  |
||--|----|----------------------------------------|--|-----------|-----------|
|| 1|  9E|                       DfxInputRxDqDelay| 1|       FF  |        0  |
||--|----|----------------------------------------|--|-----------|-----------|
|| 1|  9F|                      DfxInputRxDqsDelay| 2|       FF  |       24  |
||--|----|----------------------------------------|--|-----------|-----------|
|| 1|  9C|                    DfxInputTxDqBitDelay| 2|      7FF  |      160  |
||--|----|----------------------------------------|--|-----------|-----------|
|| 1|  98|                       DfxInputTxDqDelay| 2|      7FF  |        0  |
||--|----|----------------------------------------|--|-----------|-----------|
|| 1|  9A|                      DfxInputTxDqsDelay| 2|      7FF  |      220  |
||--|----|----------------------------------------|--|-----------|-----------|
|| 2|  DA|                      DfxMdfisTrainingEn| 1|        2  |        0  |
||--|----|----------------------------------------|--|-----------|-----------|
|| 1| 1C6|                   DfxPseudoChannelXorEn| 1|        1  |        0  |
||--|----|----------------------------------------|--|-----------|-----------|
|| 1|  A4|                           DfxRcvEnDelay| 2|      7FF  |      100  |
||--|----|----------------------------------------|--|-----------|-----------|
|| 2|  E2|                         DfxS3mSoftStrap| 1|        2  |        0  |
||--|----|----------------------------------------|--|-----------|-----------|
|| 1|  BE|                       DfxScrambleEnDDR5| 1|        1  |        0  |
||--|----|----------------------------------------|--|-----------|-----------|
|| 1| 15E|                   DfxTaCalculationDebug| 1|        0  |        1  |
||--|----|----------------------------------------|--|-----------|-----------|
|| 2|  E4|               DfxWarmResetEliminationEn| 1|        2  |        1  |
||--|----|----------------------------------------|--|-----------|-----------|
|| 2|  E9|                         DfxXactorBitmap| 1|        0  |        0  |
||--|----|----------------------------------------|--|-----------|-----------|
|| 1| 15C|                 EnforceDdrMemoryFreqPor| 1|        0  |        2  |
||--|----|----------------------------------------|--|-----------|-----------|
|| 1|  D9|                        HostDdrFreqLimit| 1|        0  |        C  |
||--|----|----------------------------------------|--|-----------|-----------|
|| 0|27A4|                       PcieHotPlugEnable| 1|        0  |        0  |
||--|----|----------------------------------------|--|-----------|-----------|
|| 5|  12|                         ProcessorX2apic| 1|        1  |        0  |
||--|----|----------------------------------------|--|-----------|-----------|
|| 2|  1A|                                   SncEn| 1|        F  |        0  |
||--|----|----------------------------------------|--|-----------|-----------|
|| 0|2740|                              VTdSupport| 1|        1  |        0  |
||--|----|----------------------------------------|--|-----------|-----------|
|| 2|  1D|                           XptPrefetchEn| 1|        2  |        0  |
||--|----|----------------------------------------|--|-----------|-----------|
|| 1|  AC|                              volMemMode| 1|        0  |        0  |
||--|----|----------------------------------------|--|-----------|-----------|
|| D|   7|                           DfxPmMsrTrace| 1|        0  |        2  |
||--|----|----------------------------------------|--|-----------|-----------|
|| D|   4|                      DfxUbiosGeneration| 1|        0  |        2  |
||--|----|----------------------------------------|--|-----------|-----------|
|SecureProfileEditing Set to False, Please note that the re-generated binary maynot boot with Secure Profile IFWI (Pls ignore this message if Server BIOS)
|Created New updated Bios File /nfs/site/disks/ive_gnr_pnp_018/prios/gnr_c2m/4c_8t_model/23ww23a-002_v7_ICI/Maestro_1S1D4C_4C8T_RD100_LD5_100M_L3_GNR_b0v4plus_verif.32.ddr5_6400.0/ubios/flexconEmu/bios_knobs_FmxweH5IYGJE/xmlcli/out/BHSDINT1.86B.0024.D01.2306091146_GA800003d0_SA9800000e_GB99000004_SB9900000a_AP_Simics_1__modified_FmxweH5IYGJE.bin with desired knob settings
