              Runtime: 6861.2s
       Configure Time: 2060.4s
           Total Time: 8924.5s
  EMU INDICATORS SPEC: 2.0
                JOBID: 24610913
         TESTED MODEL: /nfs/site/disks/dcsg_0603/users/mkainth/emubuild/ICI/gnrsp_soc-srvr7nm-23ww23a-002/target/gnrsp_soc/emu/emubuild_zse4_b0_v7
            TEST NAME: Maestro_1S1D4C_4C8T_RD100_LD5_100M_L3_GNR_b0v4plus_verif
               RESULT: ACED
           CYCLES RUN: 423011317
            TICKS RUN: 846022634
   RATED TB FREQUENCY: 390500
  ACTUAL TB FREQUENCY: 61652.7
           EFFICIENCY: 16
             PLATFORM: zse4
                 HOST: fmez2060
                 USER: prios
              CMDLINE: /nfs/site/eda/group/SYSNAME/emu/intel/gecco/1.13.4/bin/emurun -netbatch_opts '--log-file-dir /tmp/netbatch' -gz -stop_default 7200 -plugin_path /nfs/site/disks/dcsg_0603/users/mkainth/emubuild/ICI/gnrsp_soc-srvr7nm-23ww23a-002/target/gnrsp_soc/emu/emubuild_zse4_b0_v7/cfg/plugins -nbqslot /prj/sv/gnr/showstopper -cycles 3000000000 -mail 'S E' -dump_fuse_memory -hwrs_tracker_en -tlm_trace -tlm_dut gnrsp_soc -tlm_model gnrsp_lcc_1c -enable_4c -core_tracker_en -guop_tracker_en -idi_tracker_en -jem_port_registration_by_sw_side -arcsem_tracker_en -acode_tracker_en -enable_cxl_xtor -bios.mpInit /nfs/site/disks/ive_gnr_pnp_001/prios/mphook_vga.asm -fuse.fuse_string_file_gnrio_north /nfs/site/disks/ive_gnr_pnp_001/prios/ptp_emulation-content/CommonScripts/GNR/fuses/Updated_gnr_northdie_freq_AdyRecipe2.ovrf -fuse.fuse_string_file_gnrio_south /nfs/site/disks/ive_gnr_pnp_001/prios/ptp_emulation-content/CommonScripts/GNR/fuses/Updated_gnr_northdie_freq_AdyRecipe2.ovrf -fuse.fuse_string_file_gnrc_inst0 /nfs/site/disks/ive_gnr_pnp_001/prios/ptp_emulation-content/CommonScripts/GNR/fuses/Updated_gnr_cdie_freq_AdyRecipe2_safe_dis.ovrf -fuse.fuse_string_file_gnrc_inst0 /nfs/site/disks/ive_gnr_pnp_011/sahildba/GNR/A0/4C8T_22ww25a099RTL_model10plus_ww38p1_release/cdie_fuseOvrd_44chas.txt -configdb_override /nfs/site/disks/dcsg_0603/users/mkainth/emubuild/ICI/gnrsp_soc-srvr7nm-23ww23a-002/target/gnrsp_soc/emu/emubuild_zse4_b0_v7/zse4/input_dir/dut_cfg/ici_1s_4c/Stack0DINO_bypasport80.dut_cfg -configdb_override /nfs/site/disks/ive_gnr_pnp_001/prios/ptp_emulation-content/CommonScripts/GNR/dut_cfg/B0/1S1D4C/ddr_6400_newSPD.dut_cfg -fuse.fuse_string_file_gnrc_inst0 /nfs/site/disks/dcsg_0607/EVS_RELEASES_AREA/EVS_input_dir/override_files/emu_fuses_ddr6400_gnrc_inst0.txt -override_input_dir /nfs/site/disks/ive_gnr_pnp_018/prios/gnr_c2m/4c_8t_model/23ww23a-002_v7_ICI/input_dir_v7_44cb -configdb_override /nfs/site/disks/ive_gnr_pnp_001/prios/ptp_emulation-content/CommonScripts/GNR/dut_cfg/dfx_mask_ff.dut_cfg -configdb_override /nfs/site/disks/ive_gnr_pnp_001/prios/ptp_emulation-content/CommonScripts/GNR/dut_cfg/pdm_dis.dut_cfg -configdb_override /nfs/site/disks/dcsg_0607/EVS_RELEASES_AREA/EVS_input_dir/override_files/late_action_register_update_flow.dut_cfg -configdb_override /nfs/site/disks/dcsg_0384/GNR/uBIOS/b0/1p0final_model11/testrun/0024_D01_1p0_model11/24d01_x2apic_disable.dut_cfg -simics_post_setup_script /nfs/site/disks/ive_gnr_pnp_001/prios/ptp_emulation-content/CommonScripts/GNR/RTL_INJECT/B0/1S1D4C/model_B0_v3_perf.simics -bios_fetchor_en -netbatch_opts '--exec-limits "6h:7h"' -ver /nfs/site/disks/dcsg_0603/users/mkainth/emubuild/ICI/gnrsp_soc-srvr7nm-23ww23a-002/target/gnrsp_soc/emu/emubuild_zse4_b0_v7 -dirtag ddr5_6400 -mem_preloader.nbmode 1 -mem_preloader.parallel 1 -pcode /nfs/site/disks/dcsg_0607/gunjanjh/pcode/gnr_pcode_images_PrimeCode-pr3305-1_upiedge_cmsbits/emu_mem_files/pcode_image.path -simics_post_setup_script /nfs/site/disks/ive_gnr_pnp_001/prios/ptp_emulation-content/CommonScripts/GNR/RTL_INJECT/B0/1S1D22C/rbd_mistmatch_6400.simics -test /nfs/site/disks/ive_gnr_pnp_001/prios/maestro-github/build/content/legacy/gnr/test_cases/performance/traffic_type/bw_all_traffic_types_4c/Maestro_1S1D4C_4C8T_RD100_LD5_100M_L3_GNR_b0v4plus_verif.32.obj -__model_locations fm=/nfs/site/disks/dcsg_0603/users/mkainth/emubuild/ICI/gnrsp_soc-srvr7nm-23ww23a-002/target/gnrsp_soc/emu/emubuild_zse4_b0_v7
            DATE/TIME: 06/27/23 00:54 PDT
         COPY IN TIME: 108s
          PROJECTNAME: GNRSP
           RESULTPATH: /nfs/site/disks/ive_gnr_pnp_018/prios/gnr_c2m/4c_8t_model/23ww23a-002_v7_ICI/Maestro_1S1D4C_4C8T_RD100_LD5_100M_L3_GNR_b0v4plus_verif.32.ddr5_6400.0/
